#
# A fatal error has been detected by the Java Runtime Environment:
#
#  EXCEPTION_ACCESS_VIOLATION (0xc0000005) at pc=0x00007ffdfc5dfa50, pid=9900, tid=2128
#
# JRE version: OpenJDK Runtime Environment JBR-17.0.9+7-1000.46-jcef (17.0.9+7) (build 17.0.9+7-b1000.46)
# Java VM: OpenJDK 64-Bit Server VM JBR-17.0.9+7-1000.46-jcef (17.0.9+7-b1000.46, mixed mode, tiered, compressed oops, compressed class ptrs, g1 gc, windows-amd64)
# Problematic frame:
# V  [jvm.dll+0x38fa50]
#
# No core dump will be written. Minidumps are not enabled by default on client versions of Windows
#
# If you would like to submit a bug report, please visit:
#   https://youtrack.jetbrains.com/issues/JBR
#

---------------  S U M M A R Y ------------

Command Line: git4idea.http.GitAskPassApp Username for 'https://github.com': 

Host: 13th Gen Intel(R) Core(TM) i7-13700K, 24 cores, 31G,  Windows 10 , 64 bit Build 17763 (10.0.17763.4974)
Time: Sun Nov 26 09:57:43 2023 Mountain Standard Time elapsed time: 0.184842 seconds (0d 0h 0m 0s)

---------------  T H R E A D  ---------------

Current thread (0x0000025a75c08750):  JavaThread "C2 CompilerThread0" daemon [_thread_in_native, id=2128, stack(0x000000fa4b300000,0x000000fa4b400000)]


Current CompileTask:
C2:    184  400       4       java.util.HashMap::putVal (300 bytes)

Stack: [0x000000fa4b300000,0x000000fa4b400000],  sp=0x000000fa4b3fb320,  free space=1004k
Native frames: (J=compiled Java code, j=interpreted, Vv=VM code, C=native code)
V  [jvm.dll+0x38fa50]
V  [jvm.dll+0x38f6bf]
C  0x0000000200000002


siginfo: EXCEPTION_ACCESS_VIOLATION (0xc0000005), reading address 0x000000000407fcfe


Registers:
RAX=0x00000000000002d9, RBX=0x0000000000000002, RCX=0x000000000407fcfe, RDX=0x0000000000000020
RSP=0x000000fa4b3fb320, RBP=0x000000000000001f, RSI=0x0000000000000002, RDI=0x000000fa4b3fb500
R8 =0x0000000000000002, R9 =0x000000fa4b3fb500, R10=0x00007ffdfcbb07a0, R11=0x0000025a75e65ad0
R12=0x0000000000000010, R13=0x0000000000000002, R14=0x000000000407fcfe, R15=0x000000000000001f
RIP=0x00007ffdfc5dfa50, EFLAGS=0x0000000000010202


Register to memory mapping:

RIP=0x00007ffdfc5dfa50 jvm.dll
RAX=0x00000000000002d9 is an unknown value
RBX=0x0000000000000002 is an unknown value
RCX=0x000000000407fcfe is an unknown value
RDX=0x0000000000000020 is an unknown value
RSP=0x000000fa4b3fb320 is pointing into the stack for thread: 0x0000025a75c08750
RBP=0x000000000000001f is an unknown value
RSI=0x0000000000000002 is an unknown value
RDI=0x000000fa4b3fb500 is pointing into the stack for thread: 0x0000025a75c08750
R8 =0x0000000000000002 is an unknown value
R9 =0x000000fa4b3fb500 is pointing into the stack for thread: 0x0000025a75c08750
R10=0x00007ffdfcbb07a0 jvm.dll
R11=0x0000025a75e65ad0 points into unknown readable memory: 0x0000025a75e59af0 | f0 9a e5 75 5a 02 00 00
R12=0x0000000000000010 is an unknown value
R13=0x0000000000000002 is an unknown value
R14=0x000000000407fcfe is an unknown value
R15=0x000000000000001f is an unknown value


Top of Stack: (sp=0x000000fa4b3fb320)
0x000000fa4b3fb320:   0000025a75c953e0 000000fa4b3fb890
0x000000fa4b3fb330:   0000025a7a031e28 00000000000000a7
0x000000fa4b3fb340:   0000000000003038 0000000000000002
0x000000fa4b3fb350:   0000000000000002 0000000000000002
0x000000fa4b3fb360:   0000000000000002 0000025a7a031e28
0x000000fa4b3fb370:   0000000000000001 000000fa4b3fb490
0x000000fa4b3fb380:   0000025a75e63ff0 00007ffdfc5df6bf
0x000000fa4b3fb390:   000000fa4b3fb890 0000000000000020
0x000000fa4b3fb3a0:   0000025a75c953e0 0000025a4c197cf0
0x000000fa4b3fb3b0:   0000000000000002 0000000000000000
0x000000fa4b3fb3c0:   0000002000000020 0000000200000020
0x000000fa4b3fb3d0:   0000001d00000002 0000025a75e61d80
0x000000fa4b3fb3e0:   0000025a75e61d20 00000000000002d9
0x000000fa4b3fb3f0:   0000025a75e63ff0 0000000200000002
0x000000fa4b3fb400:   0000025a75e61d80 0000000000000000
0x000000fa4b3fb410:   000000fa4b3fe850 0000025a75e64c50
0x000000fa4b3fb420:   0000000200000000 0000025a75e61d20
0x000000fa4b3fb430:   0000000000000000 0000000000000002
0x000000fa4b3fb440:   0000025a75e656d0 0000025a75e64d50
0x000000fa4b3fb450:   0000025a75e64570 0000025a75e61d40
0x000000fa4b3fb460:   0000025a75e61d50 0000002000000019
0x000000fa4b3fb470:   0000025a75e64d50 0000000000000000
0x000000fa4b3fb480:   000000100000000d 0000025a75e63ff0
0x000000fa4b3fb490:   0000000000000000 0000010000000086
0x000000fa4b3fb4a0:   0000025a75e656d0 0000000000000000
0x000000fa4b3fb4b0:   0000000200000000 0000025a75e61d40
0x000000fa4b3fb4c0:   0000000000000000 0000002000000017
0x000000fa4b3fb4d0:   0000025a75e64570 0000000000000000
0x000000fa4b3fb4e0:   0000000200000000 0000025a75e61d50
0x000000fa4b3fb4f0:   0000000000000000 00007ffdfca5440e
0x000000fa4b3fb500:   0000025a7276af20 0000000000000080
0x000000fa4b3fb510:   0000025a75e65290 00007ffd00000042 

Instructions: (pc=0x00007ffdfc5dfa50)
0x00007ffdfc5df950:   80 3c 33 2f 74 0a 48 83 eb 01 75 f4 0f 1f 40 00
0x00007ffdfc5df960:   48 85 ff 74 3b 66 66 66 0f 1f 84 00 00 00 00 00
0x00007ffdfc5df970:   48 8b 0f 4c 8b c3 48 8b d6 ff 15 f1 0e 51 00 85
0x00007ffdfc5df980:   c0 75 09 48 8b 07 80 3c 03 00 74 60 48 8b 7f 08
0x00007ffdfc5df990:   48 85 ff 75 db 48 8b 3d c4 50 80 00 0f 1f 40 00
0x00007ffdfc5df9a0:   48 85 db 74 0e 48 ff cb 80 3c 33 2f 75 f2 48 85
0x00007ffdfc5df9b0:   db 75 ad 0f b6 05 96 50 80 00 40 84 ed 0f b6 0d
0x00007ffdfc5df9c0:   8d 50 80 00 0f 45 c1 48 8b 5c 24 30 48 8b 7c 24
0x00007ffdfc5df9d0:   38 48 8b 6c 24 40 48 83 c4 20 5e c3 41 0f b6 41
0x00007ffdfc5df9e0:   10 48 8b 6c 24 40 48 83 c4 20 5e c3 0f b6 47 10
0x00007ffdfc5df9f0:   eb d5 cc cc cc cc cc cc cc cc cc cc cc cc cc cc
0x00007ffdfc5dfa00:   48 85 c9 0f 84 29 01 00 00 53 55 57 41 56 48 83
0x00007ffdfc5dfa10:   ec 48 48 89 74 24 78 8d 6a ff 48 8b b4 24 90 00
0x00007ffdfc5dfa20:   00 00 49 8b f9 4c 89 a4 24 80 00 00 00 49 8b d8
0x00007ffdfc5dfa30:   4c 89 7c 24 40 4c 8b f1 4c 63 fd 41 bc 10 00 00
0x00007ffdfc5dfa40:   00 0f 1f 40 00 66 66 66 0f 1f 84 00 00 00 00 00
0x00007ffdfc5dfa50:   49 8b 16 48 8d 4c 24 70 4c 8b c6 e8 70 61 00 00
0x00007ffdfc5dfa60:   48 83 7e 08 00 0f 85 ac 00 00 00 48 8b 54 24 70
0x00007ffdfc5dfa70:   48 8d 4c 24 30 41 b9 2e 00 00 00 48 89 74 24 20
0x00007ffdfc5dfa80:   45 8d 41 01 e8 87 31 00 00 48 83 7e 08 00 48 8b
0x00007ffdfc5dfa90:   00 48 89 44 24 70 75 7f 48 85 c0 75 05 45 33 c0
0x00007ffdfc5dfaa0:   eb 03 4c 8b 00 80 3d f1 3c 80 00 00 48 63 c5 74
0x00007ffdfc5dfab0:   16 80 3d e6 3c 80 00 00 b9 18 00 00 00 49 0f 45
0x00007ffdfc5dfac0:   cc 48 8d 14 81 eb 14 80 3d d0 3c 80 00 00 ba 18
0x00007ffdfc5dfad0:   00 00 00 49 0f 45 d4 48 8d 14 c2 48 8b 0b ff 15
0x00007ffdfc5dfae0:   6c 74 79 00 80 3d b3 3c 80 00 00 b8 18 00 00 00
0x00007ffdfc5dfaf0:   41 0f b6 4e 10 48 8b 17 49 0f 45 c4 49 03 c7 80
0x00007ffdfc5dfb00:   e1 01 ff cd 49 ff cf 88 0c 10 4d 8b 76 08 4d 85
0x00007ffdfc5dfb10:   f6 0f 85 39 ff ff ff 4c 8b a4 24 80 00 00 00 48
0x00007ffdfc5dfb20:   8b 74 24 78 4c 8b 7c 24 40 48 83 c4 48 41 5e 5f
0x00007ffdfc5dfb30:   5d 5b c3 cc cc cc cc cc cc cc cc cc cc cc cc cc
0x00007ffdfc5dfb40:   48 83 ec 38 4c 89 4c 24 20 4d 8b c8 4c 8b c2 48 


Stack slot to memory mapping:
stack at sp + 0 slots: 0x0000025a75c953e0 points into unknown readable memory: 0x0000065d0000065d | 5d 06 00 00 5d 06 00 00
stack at sp + 1 slots: 0x000000fa4b3fb890 is pointing into the stack for thread: 0x0000025a75c08750
stack at sp + 2 slots: 0x0000025a7a031e28 points into unknown readable memory: 0x00007ffdfcb76158 | 58 61 b7 fc fd 7f 00 00
stack at sp + 3 slots: 0x00000000000000a7 is an unknown value
stack at sp + 4 slots: 0x0000000000003038 is an unknown value
stack at sp + 5 slots: 0x0000000000000002 is an unknown value
stack at sp + 6 slots: 0x0000000000000002 is an unknown value
stack at sp + 7 slots: 0x0000000000000002 is an unknown value


---------------  P R O C E S S  ---------------

Threads class SMR info:
_java_thread_list=0x0000025a75dcf9d0, length=13, elements={
0x0000025a4c17e9d0, 0x0000025a75b7b7f0, 0x0000025a75b7da80, 0x0000025a75be2a70,
0x0000025a7276b6c0, 0x0000025a7276e090, 0x0000025a7276ea50, 0x0000025a75c08750,
0x0000025a75c09620, 0x0000025a75c0c030, 0x0000025a75d88520, 0x0000025a75d88a00,
0x0000025a7a0d3360
}

Java Threads: ( => current thread )
  0x0000025a4c17e9d0 JavaThread "main" [_thread_in_native, id=12488, stack(0x000000fa4a600000,0x000000fa4a700000)]
  0x0000025a75b7b7f0 JavaThread "Reference Handler" daemon [_thread_blocked, id=4124, stack(0x000000fa4ad00000,0x000000fa4ae00000)]
  0x0000025a75b7da80 JavaThread "Finalizer" daemon [_thread_blocked, id=4152, stack(0x000000fa4ae00000,0x000000fa4af00000)]
  0x0000025a75be2a70 JavaThread "Signal Dispatcher" daemon [_thread_blocked, id=2748, stack(0x000000fa4af00000,0x000000fa4b000000)]
  0x0000025a7276b6c0 JavaThread "Attach Listener" daemon [_thread_blocked, id=2072, stack(0x000000fa4b000000,0x000000fa4b100000)]
  0x0000025a7276e090 JavaThread "Service Thread" daemon [_thread_blocked, id=11052, stack(0x000000fa4b100000,0x000000fa4b200000)]
  0x0000025a7276ea50 JavaThread "Monitor Deflation Thread" daemon [_thread_blocked, id=2696, stack(0x000000fa4b200000,0x000000fa4b300000)]
=>0x0000025a75c08750 JavaThread "C2 CompilerThread0" daemon [_thread_in_native, id=2128, stack(0x000000fa4b300000,0x000000fa4b400000)]
  0x0000025a75c09620 JavaThread "C1 CompilerThread0" daemon [_thread_blocked, id=3976, stack(0x000000fa4b400000,0x000000fa4b500000)]
  0x0000025a75c0c030 JavaThread "Sweeper thread" daemon [_thread_blocked, id=5060, stack(0x000000fa4b500000,0x000000fa4b600000)]
  0x0000025a75d88520 JavaThread "Notification Thread" daemon [_thread_blocked, id=10324, stack(0x000000fa4b600000,0x000000fa4b700000)]
  0x0000025a75d88a00 JavaThread "Common-Cleaner" daemon [_thread_blocked, id=3136, stack(0x000000fa4b800000,0x000000fa4b900000)]
  0x0000025a7a0d3360 JavaThread "C1 CompilerThread1" daemon [_thread_blocked, id=3520, stack(0x000000fa4b900000,0x000000fa4ba00000)]

Other Threads:
  0x0000025a727696e0 VMThread "VM Thread" [stack: 0x000000fa4ac00000,0x000000fa4ad00000] [id=6772]
  0x0000025a75d46da0 WatcherThread [stack: 0x000000fa4b700000,0x000000fa4b800000] [id=8060]
  0x0000025a4c22ecb0 GCTaskThread "GC Thread#0" [stack: 0x000000fa4a700000,0x000000fa4a800000] [id=9880]
  0x0000025a72583520 ConcurrentGCThread "G1 Main Marker" [stack: 0x000000fa4a800000,0x000000fa4a900000] [id=6688]
  0x0000025a72584b00 ConcurrentGCThread "G1 Conc#0" [stack: 0x000000fa4a900000,0x000000fa4aa00000] [id=2176]
  0x0000025a726c2f90 ConcurrentGCThread "G1 Refine#0" [stack: 0x000000fa4aa00000,0x000000fa4ab00000] [id=10524]
  0x0000025a726c39c0 ConcurrentGCThread "G1 Service" [stack: 0x000000fa4ab00000,0x000000fa4ac00000] [id=11700]

Threads with active compile tasks:
C2 CompilerThread0      203  400       4       java.util.HashMap::putVal (300 bytes)

VM state: not at safepoint (normal execution)

VM Mutex/Monitor currently owned by a thread: None

Heap address: 0x0000000604000000, size: 8128 MB, Compressed Oops mode: Zero based, Oop shift amount: 3

CDS archive(s) not mapped
Compressed class space mapped at: 0x0000000800000000-0x0000000840000000, reserved size: 1073741824
Narrow klass base: 0x0000000800000000, Narrow klass shift: 0, Narrow klass range: 0x40000000

GC Precious Log:
 CPUs: 24 total, 24 available
 Memory: 32508M
 Large Page Support: Disabled
 NUMA Support: Disabled
 Compressed Oops: Enabled (Zero based)
 Heap Region Size: 4M
 Heap Min Capacity: 8M
 Heap Initial Capacity: 508M
 Heap Max Capacity: 8128M
 Pre-touch: Disabled
 Parallel Workers: 18
 Concurrent Workers: 5
 Concurrent Refinement Workers: 18
 Periodic GC: Disabled

Heap:
 garbage-first heap   total 520192K, used 4096K [0x0000000604000000, 0x0000000800000000)
  region size 4096K, 2 young (8192K), 0 survivors (0K)
 Metaspace       used 9938K, committed 10112K, reserved 1114112K
  class space    used 932K, committed 1024K, reserved 1048576K

Heap Regions: E=young(eden), S=young(survivor), O=old, HS=humongous(starts), HC=humongous(continues), CS=collection set, F=free, OA=open archive, CA=closed archive, TAMS=top-at-mark-start (previous, next)
|   0|0x0000000604000000, 0x0000000604000000, 0x0000000604400000|  0%| F|  |TAMS 0x0000000604000000, 0x0000000604000000| Untracked 
|   1|0x0000000604400000, 0x0000000604400000, 0x0000000604800000|  0%| F|  |TAMS 0x0000000604400000, 0x0000000604400000| Untracked 
|   2|0x0000000604800000, 0x0000000604800000, 0x0000000604c00000|  0%| F|  |TAMS 0x0000000604800000, 0x0000000604800000| Untracked 
|   3|0x0000000604c00000, 0x0000000604c00000, 0x0000000605000000|  0%| F|  |TAMS 0x0000000604c00000, 0x0000000604c00000| Untracked 
|   4|0x0000000605000000, 0x0000000605000000, 0x0000000605400000|  0%| F|  |TAMS 0x0000000605000000, 0x0000000605000000| Untracked 
|   5|0x0000000605400000, 0x0000000605400000, 0x0000000605800000|  0%| F|  |TAMS 0x0000000605400000, 0x0000000605400000| Untracked 
|   6|0x0000000605800000, 0x0000000605800000, 0x0000000605c00000|  0%| F|  |TAMS 0x0000000605800000, 0x0000000605800000| Untracked 
|   7|0x0000000605c00000, 0x0000000605c00000, 0x0000000606000000|  0%| F|  |TAMS 0x0000000605c00000, 0x0000000605c00000| Untracked 
|   8|0x0000000606000000, 0x0000000606000000, 0x0000000606400000|  0%| F|  |TAMS 0x0000000606000000, 0x0000000606000000| Untracked 
|   9|0x0000000606400000, 0x0000000606400000, 0x0000000606800000|  0%| F|  |TAMS 0x0000000606400000, 0x0000000606400000| Untracked 
|  10|0x0000000606800000, 0x0000000606800000, 0x0000000606c00000|  0%| F|  |TAMS 0x0000000606800000, 0x0000000606800000| Untracked 
|  11|0x0000000606c00000, 0x0000000606c00000, 0x0000000607000000|  0%| F|  |TAMS 0x0000000606c00000, 0x0000000606c00000| Untracked 
|  12|0x0000000607000000, 0x0000000607000000, 0x0000000607400000|  0%| F|  |TAMS 0x0000000607000000, 0x0000000607000000| Untracked 
|  13|0x0000000607400000, 0x0000000607400000, 0x0000000607800000|  0%| F|  |TAMS 0x0000000607400000, 0x0000000607400000| Untracked 
|  14|0x0000000607800000, 0x0000000607800000, 0x0000000607c00000|  0%| F|  |TAMS 0x0000000607800000, 0x0000000607800000| Untracked 
|  15|0x0000000607c00000, 0x0000000607c00000, 0x0000000608000000|  0%| F|  |TAMS 0x0000000607c00000, 0x0000000607c00000| Untracked 
|  16|0x0000000608000000, 0x0000000608000000, 0x0000000608400000|  0%| F|  |TAMS 0x0000000608000000, 0x0000000608000000| Untracked 
|  17|0x0000000608400000, 0x0000000608400000, 0x0000000608800000|  0%| F|  |TAMS 0x0000000608400000, 0x0000000608400000| Untracked 
|  18|0x0000000608800000, 0x0000000608800000, 0x0000000608c00000|  0%| F|  |TAMS 0x0000000608800000, 0x0000000608800000| Untracked 
|  19|0x0000000608c00000, 0x0000000608c00000, 0x0000000609000000|  0%| F|  |TAMS 0x0000000608c00000, 0x0000000608c00000| Untracked 
|  20|0x0000000609000000, 0x0000000609000000, 0x0000000609400000|  0%| F|  |TAMS 0x0000000609000000, 0x0000000609000000| Untracked 
|  21|0x0000000609400000, 0x0000000609400000, 0x0000000609800000|  0%| F|  |TAMS 0x0000000609400000, 0x0000000609400000| Untracked 
|  22|0x0000000609800000, 0x0000000609800000, 0x0000000609c00000|  0%| F|  |TAMS 0x0000000609800000, 0x0000000609800000| Untracked 
|  23|0x0000000609c00000, 0x0000000609c00000, 0x000000060a000000|  0%| F|  |TAMS 0x0000000609c00000, 0x0000000609c00000| Untracked 
|  24|0x000000060a000000, 0x000000060a000000, 0x000000060a400000|  0%| F|  |TAMS 0x000000060a000000, 0x000000060a000000| Untracked 
|  25|0x000000060a400000, 0x000000060a400000, 0x000000060a800000|  0%| F|  |TAMS 0x000000060a400000, 0x000000060a400000| Untracked 
|  26|0x000000060a800000, 0x000000060a800000, 0x000000060ac00000|  0%| F|  |TAMS 0x000000060a800000, 0x000000060a800000| Untracked 
|  27|0x000000060ac00000, 0x000000060ac00000, 0x000000060b000000|  0%| F|  |TAMS 0x000000060ac00000, 0x000000060ac00000| Untracked 
|  28|0x000000060b000000, 0x000000060b000000, 0x000000060b400000|  0%| F|  |TAMS 0x000000060b000000, 0x000000060b000000| Untracked 
|  29|0x000000060b400000, 0x000000060b400000, 0x000000060b800000|  0%| F|  |TAMS 0x000000060b400000, 0x000000060b400000| Untracked 
|  30|0x000000060b800000, 0x000000060b800000, 0x000000060bc00000|  0%| F|  |TAMS 0x000000060b800000, 0x000000060b800000| Untracked 
|  31|0x000000060bc00000, 0x000000060bc00000, 0x000000060c000000|  0%| F|  |TAMS 0x000000060bc00000, 0x000000060bc00000| Untracked 
|  32|0x000000060c000000, 0x000000060c000000, 0x000000060c400000|  0%| F|  |TAMS 0x000000060c000000, 0x000000060c000000| Untracked 
|  33|0x000000060c400000, 0x000000060c400000, 0x000000060c800000|  0%| F|  |TAMS 0x000000060c400000, 0x000000060c400000| Untracked 
|  34|0x000000060c800000, 0x000000060c800000, 0x000000060cc00000|  0%| F|  |TAMS 0x000000060c800000, 0x000000060c800000| Untracked 
|  35|0x000000060cc00000, 0x000000060cc00000, 0x000000060d000000|  0%| F|  |TAMS 0x000000060cc00000, 0x000000060cc00000| Untracked 
|  36|0x000000060d000000, 0x000000060d000000, 0x000000060d400000|  0%| F|  |TAMS 0x000000060d000000, 0x000000060d000000| Untracked 
|  37|0x000000060d400000, 0x000000060d400000, 0x000000060d800000|  0%| F|  |TAMS 0x000000060d400000, 0x000000060d400000| Untracked 
|  38|0x000000060d800000, 0x000000060d800000, 0x000000060dc00000|  0%| F|  |TAMS 0x000000060d800000, 0x000000060d800000| Untracked 
|  39|0x000000060dc00000, 0x000000060dc00000, 0x000000060e000000|  0%| F|  |TAMS 0x000000060dc00000, 0x000000060dc00000| Untracked 
|  40|0x000000060e000000, 0x000000060e000000, 0x000000060e400000|  0%| F|  |TAMS 0x000000060e000000, 0x000000060e000000| Untracked 
|  41|0x000000060e400000, 0x000000060e400000, 0x000000060e800000|  0%| F|  |TAMS 0x000000060e400000, 0x000000060e400000| Untracked 
|  42|0x000000060e800000, 0x000000060e800000, 0x000000060ec00000|  0%| F|  |TAMS 0x000000060e800000, 0x000000060e800000| Untracked 
|  43|0x000000060ec00000, 0x000000060ec00000, 0x000000060f000000|  0%| F|  |TAMS 0x000000060ec00000, 0x000000060ec00000| Untracked 
|  44|0x000000060f000000, 0x000000060f000000, 0x000000060f400000|  0%| F|  |TAMS 0x000000060f000000, 0x000000060f000000| Untracked 
|  45|0x000000060f400000, 0x000000060f400000, 0x000000060f800000|  0%| F|  |TAMS 0x000000060f400000, 0x000000060f400000| Untracked 
|  46|0x000000060f800000, 0x000000060f800000, 0x000000060fc00000|  0%| F|  |TAMS 0x000000060f800000, 0x000000060f800000| Untracked 
|  47|0x000000060fc00000, 0x000000060fc00000, 0x0000000610000000|  0%| F|  |TAMS 0x000000060fc00000, 0x000000060fc00000| Untracked 
|  48|0x0000000610000000, 0x0000000610000000, 0x0000000610400000|  0%| F|  |TAMS 0x0000000610000000, 0x0000000610000000| Untracked 
|  49|0x0000000610400000, 0x0000000610400000, 0x0000000610800000|  0%| F|  |TAMS 0x0000000610400000, 0x0000000610400000| Untracked 
|  50|0x0000000610800000, 0x0000000610800000, 0x0000000610c00000|  0%| F|  |TAMS 0x0000000610800000, 0x0000000610800000| Untracked 
|  51|0x0000000610c00000, 0x0000000610c00000, 0x0000000611000000|  0%| F|  |TAMS 0x0000000610c00000, 0x0000000610c00000| Untracked 
|  52|0x0000000611000000, 0x0000000611000000, 0x0000000611400000|  0%| F|  |TAMS 0x0000000611000000, 0x0000000611000000| Untracked 
|  53|0x0000000611400000, 0x0000000611400000, 0x0000000611800000|  0%| F|  |TAMS 0x0000000611400000, 0x0000000611400000| Untracked 
|  54|0x0000000611800000, 0x0000000611800000, 0x0000000611c00000|  0%| F|  |TAMS 0x0000000611800000, 0x0000000611800000| Untracked 
|  55|0x0000000611c00000, 0x0000000611c00000, 0x0000000612000000|  0%| F|  |TAMS 0x0000000611c00000, 0x0000000611c00000| Untracked 
|  56|0x0000000612000000, 0x0000000612000000, 0x0000000612400000|  0%| F|  |TAMS 0x0000000612000000, 0x0000000612000000| Untracked 
|  57|0x0000000612400000, 0x0000000612400000, 0x0000000612800000|  0%| F|  |TAMS 0x0000000612400000, 0x0000000612400000| Untracked 
|  58|0x0000000612800000, 0x0000000612800000, 0x0000000612c00000|  0%| F|  |TAMS 0x0000000612800000, 0x0000000612800000| Untracked 
|  59|0x0000000612c00000, 0x0000000612c00000, 0x0000000613000000|  0%| F|  |TAMS 0x0000000612c00000, 0x0000000612c00000| Untracked 
|  60|0x0000000613000000, 0x0000000613000000, 0x0000000613400000|  0%| F|  |TAMS 0x0000000613000000, 0x0000000613000000| Untracked 
|  61|0x0000000613400000, 0x0000000613400000, 0x0000000613800000|  0%| F|  |TAMS 0x0000000613400000, 0x0000000613400000| Untracked 
|  62|0x0000000613800000, 0x0000000613800000, 0x0000000613c00000|  0%| F|  |TAMS 0x0000000613800000, 0x0000000613800000| Untracked 
|  63|0x0000000613c00000, 0x0000000613c00000, 0x0000000614000000|  0%| F|  |TAMS 0x0000000613c00000, 0x0000000613c00000| Untracked 
|  64|0x0000000614000000, 0x0000000614000000, 0x0000000614400000|  0%| F|  |TAMS 0x0000000614000000, 0x0000000614000000| Untracked 
|  65|0x0000000614400000, 0x0000000614400000, 0x0000000614800000|  0%| F|  |TAMS 0x0000000614400000, 0x0000000614400000| Untracked 
|  66|0x0000000614800000, 0x0000000614800000, 0x0000000614c00000|  0%| F|  |TAMS 0x0000000614800000, 0x0000000614800000| Untracked 
|  67|0x0000000614c00000, 0x0000000614c00000, 0x0000000615000000|  0%| F|  |TAMS 0x0000000614c00000, 0x0000000614c00000| Untracked 
|  68|0x0000000615000000, 0x0000000615000000, 0x0000000615400000|  0%| F|  |TAMS 0x0000000615000000, 0x0000000615000000| Untracked 
|  69|0x0000000615400000, 0x0000000615400000, 0x0000000615800000|  0%| F|  |TAMS 0x0000000615400000, 0x0000000615400000| Untracked 
|  70|0x0000000615800000, 0x0000000615800000, 0x0000000615c00000|  0%| F|  |TAMS 0x0000000615800000, 0x0000000615800000| Untracked 
|  71|0x0000000615c00000, 0x0000000615c00000, 0x0000000616000000|  0%| F|  |TAMS 0x0000000615c00000, 0x0000000615c00000| Untracked 
|  72|0x0000000616000000, 0x0000000616000000, 0x0000000616400000|  0%| F|  |TAMS 0x0000000616000000, 0x0000000616000000| Untracked 
|  73|0x0000000616400000, 0x0000000616400000, 0x0000000616800000|  0%| F|  |TAMS 0x0000000616400000, 0x0000000616400000| Untracked 
|  74|0x0000000616800000, 0x0000000616800000, 0x0000000616c00000|  0%| F|  |TAMS 0x0000000616800000, 0x0000000616800000| Untracked 
|  75|0x0000000616c00000, 0x0000000616c00000, 0x0000000617000000|  0%| F|  |TAMS 0x0000000616c00000, 0x0000000616c00000| Untracked 
|  76|0x0000000617000000, 0x0000000617000000, 0x0000000617400000|  0%| F|  |TAMS 0x0000000617000000, 0x0000000617000000| Untracked 
|  77|0x0000000617400000, 0x0000000617400000, 0x0000000617800000|  0%| F|  |TAMS 0x0000000617400000, 0x0000000617400000| Untracked 
|  78|0x0000000617800000, 0x0000000617800000, 0x0000000617c00000|  0%| F|  |TAMS 0x0000000617800000, 0x0000000617800000| Untracked 
|  79|0x0000000617c00000, 0x0000000617c00000, 0x0000000618000000|  0%| F|  |TAMS 0x0000000617c00000, 0x0000000617c00000| Untracked 
|  80|0x0000000618000000, 0x0000000618000000, 0x0000000618400000|  0%| F|  |TAMS 0x0000000618000000, 0x0000000618000000| Untracked 
|  81|0x0000000618400000, 0x0000000618400000, 0x0000000618800000|  0%| F|  |TAMS 0x0000000618400000, 0x0000000618400000| Untracked 
|  82|0x0000000618800000, 0x0000000618800000, 0x0000000618c00000|  0%| F|  |TAMS 0x0000000618800000, 0x0000000618800000| Untracked 
|  83|0x0000000618c00000, 0x0000000618c00000, 0x0000000619000000|  0%| F|  |TAMS 0x0000000618c00000, 0x0000000618c00000| Untracked 
|  84|0x0000000619000000, 0x0000000619000000, 0x0000000619400000|  0%| F|  |TAMS 0x0000000619000000, 0x0000000619000000| Untracked 
|  85|0x0000000619400000, 0x0000000619400000, 0x0000000619800000|  0%| F|  |TAMS 0x0000000619400000, 0x0000000619400000| Untracked 
|  86|0x0000000619800000, 0x0000000619800000, 0x0000000619c00000|  0%| F|  |TAMS 0x0000000619800000, 0x0000000619800000| Untracked 
|  87|0x0000000619c00000, 0x0000000619c00000, 0x000000061a000000|  0%| F|  |TAMS 0x0000000619c00000, 0x0000000619c00000| Untracked 
|  88|0x000000061a000000, 0x000000061a000000, 0x000000061a400000|  0%| F|  |TAMS 0x000000061a000000, 0x000000061a000000| Untracked 
|  89|0x000000061a400000, 0x000000061a400000, 0x000000061a800000|  0%| F|  |TAMS 0x000000061a400000, 0x000000061a400000| Untracked 
|  90|0x000000061a800000, 0x000000061a800000, 0x000000061ac00000|  0%| F|  |TAMS 0x000000061a800000, 0x000000061a800000| Untracked 
|  91|0x000000061ac00000, 0x000000061ac00000, 0x000000061b000000|  0%| F|  |TAMS 0x000000061ac00000, 0x000000061ac00000| Untracked 
|  92|0x000000061b000000, 0x000000061b000000, 0x000000061b400000|  0%| F|  |TAMS 0x000000061b000000, 0x000000061b000000| Untracked 
|  93|0x000000061b400000, 0x000000061b400000, 0x000000061b800000|  0%| F|  |TAMS 0x000000061b400000, 0x000000061b400000| Untracked 
|  94|0x000000061b800000, 0x000000061b800000, 0x000000061bc00000|  0%| F|  |TAMS 0x000000061b800000, 0x000000061b800000| Untracked 
|  95|0x000000061bc00000, 0x000000061bc00000, 0x000000061c000000|  0%| F|  |TAMS 0x000000061bc00000, 0x000000061bc00000| Untracked 
|  96|0x000000061c000000, 0x000000061c000000, 0x000000061c400000|  0%| F|  |TAMS 0x000000061c000000, 0x000000061c000000| Untracked 
|  97|0x000000061c400000, 0x000000061c400000, 0x000000061c800000|  0%| F|  |TAMS 0x000000061c400000, 0x000000061c400000| Untracked 
|  98|0x000000061c800000, 0x000000061c800000, 0x000000061cc00000|  0%| F|  |TAMS 0x000000061c800000, 0x000000061c800000| Untracked 
|  99|0x000000061cc00000, 0x000000061cc00000, 0x000000061d000000|  0%| F|  |TAMS 0x000000061cc00000, 0x000000061cc00000| Untracked 
| 100|0x000000061d000000, 0x000000061d000000, 0x000000061d400000|  0%| F|  |TAMS 0x000000061d000000, 0x000000061d000000| Untracked 
| 101|0x000000061d400000, 0x000000061d400000, 0x000000061d800000|  0%| F|  |TAMS 0x000000061d400000, 0x000000061d400000| Untracked 
| 102|0x000000061d800000, 0x000000061d800000, 0x000000061dc00000|  0%| F|  |TAMS 0x000000061d800000, 0x000000061d800000| Untracked 
| 103|0x000000061dc00000, 0x000000061dc00000, 0x000000061e000000|  0%| F|  |TAMS 0x000000061dc00000, 0x000000061dc00000| Untracked 
| 104|0x000000061e000000, 0x000000061e000000, 0x000000061e400000|  0%| F|  |TAMS 0x000000061e000000, 0x000000061e000000| Untracked 
| 105|0x000000061e400000, 0x000000061e400000, 0x000000061e800000|  0%| F|  |TAMS 0x000000061e400000, 0x000000061e400000| Untracked 
| 106|0x000000061e800000, 0x000000061e800000, 0x000000061ec00000|  0%| F|  |TAMS 0x000000061e800000, 0x000000061e800000| Untracked 
| 107|0x000000061ec00000, 0x000000061ec00000, 0x000000061f000000|  0%| F|  |TAMS 0x000000061ec00000, 0x000000061ec00000| Untracked 
| 108|0x000000061f000000, 0x000000061f000000, 0x000000061f400000|  0%| F|  |TAMS 0x000000061f000000, 0x000000061f000000| Untracked 
| 109|0x000000061f400000, 0x000000061f400000, 0x000000061f800000|  0%| F|  |TAMS 0x000000061f400000, 0x000000061f400000| Untracked 
| 110|0x000000061f800000, 0x000000061f800000, 0x000000061fc00000|  0%| F|  |TAMS 0x000000061f800000, 0x000000061f800000| Untracked 
| 111|0x000000061fc00000, 0x000000061fc00000, 0x0000000620000000|  0%| F|  |TAMS 0x000000061fc00000, 0x000000061fc00000| Untracked 
| 112|0x0000000620000000, 0x0000000620000000, 0x0000000620400000|  0%| F|  |TAMS 0x0000000620000000, 0x0000000620000000| Untracked 
| 113|0x0000000620400000, 0x0000000620400000, 0x0000000620800000|  0%| F|  |TAMS 0x0000000620400000, 0x0000000620400000| Untracked 
| 114|0x0000000620800000, 0x0000000620800000, 0x0000000620c00000|  0%| F|  |TAMS 0x0000000620800000, 0x0000000620800000| Untracked 
| 115|0x0000000620c00000, 0x0000000620c00000, 0x0000000621000000|  0%| F|  |TAMS 0x0000000620c00000, 0x0000000620c00000| Untracked 
| 116|0x0000000621000000, 0x0000000621000000, 0x0000000621400000|  0%| F|  |TAMS 0x0000000621000000, 0x0000000621000000| Untracked 
| 117|0x0000000621400000, 0x0000000621400000, 0x0000000621800000|  0%| F|  |TAMS 0x0000000621400000, 0x0000000621400000| Untracked 
| 118|0x0000000621800000, 0x0000000621800000, 0x0000000621c00000|  0%| F|  |TAMS 0x0000000621800000, 0x0000000621800000| Untracked 
| 119|0x0000000621c00000, 0x0000000621c00000, 0x0000000622000000|  0%| F|  |TAMS 0x0000000621c00000, 0x0000000621c00000| Untracked 
| 120|0x0000000622000000, 0x0000000622000000, 0x0000000622400000|  0%| F|  |TAMS 0x0000000622000000, 0x0000000622000000| Untracked 
| 121|0x0000000622400000, 0x0000000622400000, 0x0000000622800000|  0%| F|  |TAMS 0x0000000622400000, 0x0000000622400000| Untracked 
| 122|0x0000000622800000, 0x0000000622800000, 0x0000000622c00000|  0%| F|  |TAMS 0x0000000622800000, 0x0000000622800000| Untracked 
| 123|0x0000000622c00000, 0x0000000622c00000, 0x0000000623000000|  0%| F|  |TAMS 0x0000000622c00000, 0x0000000622c00000| Untracked 
| 124|0x0000000623000000, 0x0000000623000000, 0x0000000623400000|  0%| F|  |TAMS 0x0000000623000000, 0x0000000623000000| Untracked 
| 125|0x0000000623400000, 0x00000006235712c8, 0x0000000623800000| 36%| E|  |TAMS 0x0000000623400000, 0x0000000623400000| Complete 
| 126|0x0000000623800000, 0x0000000623c00000, 0x0000000623c00000|100%| E|CS|TAMS 0x0000000623800000, 0x0000000623800000| Complete 

Card table byte_map: [0x0000025a606a0000,0x0000025a61680000] _byte_map_base: 0x0000025a5d680000

Marking Bits (Prev, Next): (CMBitMap*) 0x0000025a72570c60, (CMBitMap*) 0x0000025a72570ca0
 Prev Bits: [0x0000025a62660000, 0x0000025a6a560000)
 Next Bits: [0x0000025a6a560000, 0x0000025a72460000)

Polling page: 0x0000025a4a090000

Metaspace:

Usage:
  Non-class:      8.79 MB used.
      Class:    932.88 KB used.
       Both:      9.71 MB used.

Virtual space:
  Non-class space:       64.00 MB reserved,       8.88 MB ( 14%) committed,  1 nodes.
      Class space:        1.00 GB reserved,       1.00 MB ( <1%) committed,  1 nodes.
             Both:        1.06 GB reserved,       9.88 MB ( <1%) committed. 

Chunk freelists:
   Non-Class:  6.96 MB
       Class:  15.03 MB
        Both:  22.00 MB

MaxMetaspaceSize: unlimited
CompressedClassSpaceSize: 1.00 GB
Initial GC threshold: 21.00 MB
Current GC threshold: 21.00 MB
CDS: off
MetaspaceReclaimPolicy: balanced
 - commit_granule_bytes: 65536.
 - commit_granule_words: 8192.
 - virtual_space_node_default_size: 8388608.
 - enlarge_chunks_in_place: 1.
 - new_chunks_are_fully_committed: 0.
 - uncommit_free_chunks: 1.
 - use_allocation_guard: 0.
 - handle_deallocations: 1.


Internal statistics:

num_allocs_failed_limit: 0.
num_arena_births: 24.
num_arena_deaths: 0.
num_vsnodes_births: 2.
num_vsnodes_deaths: 0.
num_space_committed: 158.
num_space_uncommitted: 0.
num_chunks_returned_to_freelist: 0.
num_chunks_taken_from_freelist: 58.
num_chunk_merges: 0.
num_chunk_splits: 30.
num_chunks_enlarged: 19.
num_inconsistent_stats: 0.

CodeHeap 'non-profiled nmethods': size=119168Kb used=109Kb max_used=109Kb free=119058Kb
 bounds [0x0000025a57490000, 0x0000025a57700000, 0x0000025a5e8f0000]
CodeHeap 'profiled nmethods': size=119104Kb used=680Kb max_used=680Kb free=118423Kb
 bounds [0x0000025a4f8f0000, 0x0000025a4fb60000, 0x0000025a56d40000]
CodeHeap 'non-nmethods': size=7488Kb used=1709Kb max_used=1718Kb free=5778Kb
 bounds [0x0000025a56d40000, 0x0000025a56fb0000, 0x0000025a57490000]
 total_blobs=887 nmethods=452 adapters=347
 compilation: enabled
              stopped_count=0, restarted_count=0
 full_count=0

Compilation events (20 events):
Event: 0.179 Thread 0x0000025a75c09620 nmethod 417 0x0000025a4f986710 code [0x0000025a4f9868e0, 0x0000025a4f986d08]
Event: 0.179 Thread 0x0000025a75c09620  418       3       java.util.LinkedHashMap$Entry::<init> (10 bytes)
Event: 0.179 Thread 0x0000025a75c09620 nmethod 418 0x0000025a4f986e90 code [0x0000025a4f987040, 0x0000025a4f987338]
Event: 0.179 Thread 0x0000025a75c09620  419       3       java.util.LinkedHashMap::linkNodeLast (33 bytes)
Event: 0.179 Thread 0x0000025a75c09620 nmethod 419 0x0000025a4f987410 code [0x0000025a4f9875c0, 0x0000025a4f9878f8]
Event: 0.179 Thread 0x0000025a75c09620  420       3       java.util.LinkedHashMap::afterNodeInsertion (40 bytes)
Event: 0.179 Thread 0x0000025a75c09620 nmethod 420 0x0000025a4f987a10 code [0x0000025a4f987bc0, 0x0000025a4f987db8]
Event: 0.179 Thread 0x0000025a75c09620  421       3       jdk.internal.access.SharedSecrets::getJavaLangAccess (4 bytes)
Event: 0.180 Thread 0x0000025a75c09620 nmethod 421 0x0000025a4f987e90 code [0x0000025a4f988020, 0x0000025a4f988118]
Event: 0.180 Thread 0x0000025a75c09620  422   !   3       java.util.ImmutableCollections$ListItr::next (34 bytes)
Event: 0.180 Thread 0x0000025a7a0d3360 nmethod 414 0x0000025a4f988190 code [0x0000025a4f988420, 0x0000025a4f9893c8]
Event: 0.180 Thread 0x0000025a75c09620 nmethod 422 0x0000025a4f989890 code [0x0000025a4f989a40, 0x0000025a4f989cd8]
Event: 0.180 Thread 0x0000025a75c09620  423       3       java.lang.System$2::getEnumConstantsShared (8 bytes)
Event: 0.180 Thread 0x0000025a7a0d3360  424   !   3       java.lang.Class::getEnumConstantsShared (71 bytes)
Event: 0.180 Thread 0x0000025a75c09620 nmethod 423 0x0000025a4f989e10 code [0x0000025a4f989fc0, 0x0000025a4f98a208]
Event: 0.180 Thread 0x0000025a75c09620  425       3       java.util.EnumSet::of (16 bytes)
Event: 0.180 Thread 0x0000025a75c09620 nmethod 425 0x0000025a4f98a310 code [0x0000025a4f98a4e0, 0x0000025a4f98a808]
Event: 0.180 Thread 0x0000025a75c09620  426       3       sun.security.ssl.CipherSuite::isAvailable (52 bytes)
Event: 0.180 Thread 0x0000025a75c09620 nmethod 426 0x0000025a4f98aa10 code [0x0000025a4f98abe0, 0x0000025a4f98af78]
Event: 0.180 Thread 0x0000025a7a0d3360 nmethod 424 0x0000025a4f98b090 code [0x0000025a4f98b3c0, 0x0000025a4f98c858]

GC Heap History (0 events):
No events

Dll operation events (1 events):
Event: 0.008 Loaded shared library C:\Program Files\JetBrains\WebStorm 2023.2.5\jbr\bin\java.dll

Deoptimization events (0 events):
No events

Classes unloaded (0 events):
No events

Classes redefined (0 events):
No events

Internal exceptions (7 events):
Event: 0.149 Thread 0x0000025a4c17e9d0 Exception <a 'sun/nio/fs/WindowsException'{0x0000000623bfa738}> (0x0000000623bfa738) 
thrown [s\src\hotspot\share\prims\jni.cpp, line 517]
Event: 0.159 Thread 0x0000025a4c17e9d0 Exception <a 'java/lang/NoSuchMethodError'{0x00000006234261b0}: 'int java.lang.invoke.DirectMethodHandle$Holder.invokeStaticInit(java.lang.Object, java.lang.Object, java.lang.Object, java.lang.Object)'> (0x00000006234261b0) 
thrown [s\src\hotspot\share\interpreter\linkResolver.cpp, line 771]
Event: 0.160 Thread 0x0000025a4c17e9d0 Exception <a 'java/lang/NoSuchMethodError'{0x0000000623430e10}: 'java.lang.Object java.lang.invoke.DirectMethodHandle$Holder.invokeInterface(java.lang.Object, java.lang.Object)'> (0x0000000623430e10) 
thrown [s\src\hotspot\share\interpreter\linkResolver.cpp, line 771]
Event: 0.160 Thread 0x0000025a4c17e9d0 Exception <a 'java/lang/IncompatibleClassChangeError'{0x0000000623434730}: Found class java.lang.Object, but interface was expected> (0x0000000623434730) 
thrown [s\src\hotspot\share\interpreter\linkResolver.cpp, line 838]
Event: 0.160 Thread 0x0000025a4c17e9d0 Exception <a 'java/lang/NoSuchMethodError'{0x0000000623437ae0}: 'void java.lang.invoke.DirectMethodHandle$Holder.invokeStatic(java.lang.Object, java.lang.Object)'> (0x0000000623437ae0) 
thrown [s\src\hotspot\share\interpreter\linkResolver.cpp, line 771]
Event: 0.160 Thread 0x0000025a4c17e9d0 Exception <a 'java/lang/NoSuchMethodError'{0x000000062343b3f8}: 'void java.lang.invoke.DirectMethodHandle$Holder.invokeStaticInit(java.lang.Object, java.lang.Object)'> (0x000000062343b3f8) 
thrown [s\src\hotspot\share\interpreter\linkResolver.cpp, line 771]
Event: 0.161 Thread 0x0000025a4c17e9d0 Exception <a 'java/lang/NoSuchMethodError'{0x0000000623441c70}: 'int java.lang.invoke.DirectMethodHandle$Holder.invokeStaticInit(java.lang.Object, java.lang.Object)'> (0x0000000623441c70) 
thrown [s\src\hotspot\share\interpreter\linkResolver.cpp, line 771]

VM Operations (4 events):
Event: 0.087 Executing VM operation: HandshakeAllThreads
Event: 0.087 Executing VM operation: HandshakeAllThreads done
Event: 0.096 Executing VM operation: HandshakeAllThreads
Event: 0.096 Executing VM operation: HandshakeAllThreads done

Events (20 events):
Event: 0.180 loading class javax/net/ssl/SSLSessionContext
Event: 0.180 loading class javax/net/ssl/SSLSessionContext done
Event: 0.180 loading class sun/security/ssl/SSLSessionContextImpl done
Event: 0.180 loading class sun/security/action/GetIntegerAction
Event: 0.180 loading class sun/security/action/GetIntegerAction done
Event: 0.180 loading class sun/security/util/Cache
Event: 0.180 loading class sun/security/util/Cache done
Event: 0.180 loading class sun/security/util/MemoryCache
Event: 0.180 loading class sun/security/util/MemoryCache done
Event: 0.180 loading class sun/security/ssl/DummyX509KeyManager
Event: 0.180 loading class javax/net/ssl/X509ExtendedKeyManager
Event: 0.180 loading class javax/net/ssl/X509KeyManager
Event: 0.180 loading class javax/net/ssl/KeyManager
Event: 0.180 loading class javax/net/ssl/KeyManager done
Event: 0.180 loading class javax/net/ssl/X509KeyManager done
Event: 0.180 loading class javax/net/ssl/X509ExtendedKeyManager done
Event: 0.180 loading class sun/security/ssl/DummyX509KeyManager done
Event: 0.180 loading class java/security/SecureRandom
Event: 0.180 loading class java/util/Random
Event: 0.181 loading class java/util/random/RandomGenerator


Dynamic libraries:
0x00007ff604c70000 - 0x00007ff604c7a000 	C:\Program Files\JetBrains\WebStorm 2023.2.5\jbr\bin\java.exe
0x00007ffe36a00000 - 0x00007ffe36bee000 	C:\Windows\SYSTEM32\ntdll.dll
0x00007ffe0e240000 - 0x00007ffe0e259000 	C:\Program Files\Avast Software\Avast\aswhook.dll
0x00007ffe34a00000 - 0x00007ffe34ab3000 	C:\Windows\System32\KERNEL32.DLL
0x00007ffe33580000 - 0x00007ffe3381d000 	C:\Windows\System32\KERNELBASE.dll
0x00007ffe32a80000 - 0x00007ffe32b7a000 	C:\Windows\System32\ucrtbase.dll
0x00007ffdff6c0000 - 0x00007ffdff6d7000 	C:\Program Files\JetBrains\WebStorm 2023.2.5\jbr\bin\jli.dll
0x00007ffe1f880000 - 0x00007ffe1f89b000 	C:\Program Files\JetBrains\WebStorm 2023.2.5\jbr\bin\VCRUNTIME140.dll
0x00007ffe34730000 - 0x00007ffe348c7000 	C:\Windows\System32\USER32.dll
0x00007ffe338d0000 - 0x00007ffe338f0000 	C:\Windows\System32\win32u.dll
0x00007ffe16a10000 - 0x00007ffe16c89000 	C:\Windows\WinSxS\amd64_microsoft.windows.common-controls_6595b64144ccf1df_6.0.17763.5122_none_de6fbcf2534c9850\COMCTL32.dll
0x00007ffe34ac0000 - 0x00007ffe34ae9000 	C:\Windows\System32\GDI32.dll
0x00007ffe33c30000 - 0x00007ffe33cce000 	C:\Windows\System32\msvcrt.dll
0x00007ffe33a80000 - 0x00007ffe33c2b000 	C:\Windows\System32\gdi32full.dll
0x00007ffe33ce0000 - 0x00007ffe3400b000 	C:\Windows\System32\combase.dll
0x00007ffe32b80000 - 0x00007ffe32c20000 	C:\Windows\System32\msvcp_win.dll
0x00007ffe348e0000 - 0x00007ffe349fe000 	C:\Windows\System32\RPCRT4.dll
0x00007ffe33820000 - 0x00007ffe338a2000 	C:\Windows\System32\bcryptPrimitives.dll
0x00007ffe34e40000 - 0x00007ffe34e6e000 	C:\Windows\System32\IMM32.DLL
0x00007ffe2f200000 - 0x00007ffe2f20c000 	C:\Program Files\JetBrains\WebStorm 2023.2.5\jbr\bin\vcruntime140_1.dll
0x00007ffe1c890000 - 0x00007ffe1c91d000 	C:\Program Files\JetBrains\WebStorm 2023.2.5\jbr\bin\msvcp140.dll
0x00007ffdfc250000 - 0x00007ffdfced3000 	C:\Program Files\JetBrains\WebStorm 2023.2.5\jbr\bin\server\jvm.dll
0x00007ffe36920000 - 0x00007ffe369c7000 	C:\Windows\System32\ADVAPI32.dll
0x00007ffe34c40000 - 0x00007ffe34cdf000 	C:\Windows\System32\sechost.dll
0x00007ffe32a00000 - 0x00007ffe32a5d000 	C:\Windows\System32\POWRPROF.dll
0x00007ffe23920000 - 0x00007ffe23929000 	C:\Windows\SYSTEM32\WSOCK32.dll
0x00007ffe30570000 - 0x00007ffe30594000 	C:\Windows\SYSTEM32\WINMM.dll
0x00007ffe26850000 - 0x00007ffe2685a000 	C:\Windows\SYSTEM32\VERSION.dll
0x00007ffe368b0000 - 0x00007ffe3691d000 	C:\Windows\System32\WS2_32.dll
0x00007ffe30540000 - 0x00007ffe3056d000 	C:\Windows\SYSTEM32\winmmbase.dll
0x00007ffe33a30000 - 0x00007ffe33a7a000 	C:\Windows\System32\cfgmgr32.dll
0x00007ffe329b0000 - 0x00007ffe329c1000 	C:\Windows\System32\kernel.appcore.dll
0x00007ffe0a510000 - 0x00007ffe0a51a000 	C:\Program Files\JetBrains\WebStorm 2023.2.5\jbr\bin\jimage.dll
0x00007ffe263f0000 - 0x00007ffe265dd000 	C:\Windows\SYSTEM32\DBGHELP.DLL
0x00007ffe263c0000 - 0x00007ffe263ea000 	C:\Windows\SYSTEM32\dbgcore.DLL
0x00007ffe090b0000 - 0x00007ffe090d5000 	C:\Program Files\JetBrains\WebStorm 2023.2.5\jbr\bin\java.dll
0x00007ffe09790000 - 0x00007ffe097a8000 	C:\Program Files\JetBrains\WebStorm 2023.2.5\jbr\bin\zip.dll
0x00007ffe34fc0000 - 0x00007ffe364b8000 	C:\Windows\System32\SHELL32.dll
0x00007ffe34b90000 - 0x00007ffe34c37000 	C:\Windows\System32\shcore.dll
0x00007ffe32e30000 - 0x00007ffe33577000 	C:\Windows\System32\windows.storage.dll
0x00007ffe329d0000 - 0x00007ffe329f3000 	C:\Windows\System32\profapi.dll
0x00007ffe346d0000 - 0x00007ffe34722000 	C:\Windows\System32\shlwapi.dll
0x00007ffe338b0000 - 0x00007ffe338cb000 	C:\Windows\System32\cryptsp.dll
0x00007ffe09090000 - 0x00007ffe090a9000 	C:\Program Files\JetBrains\WebStorm 2023.2.5\jbr\bin\net.dll
0x00007ffe25080000 - 0x00007ffe2517d000 	C:\Windows\SYSTEM32\WINHTTP.dll
0x00007ffe32200000 - 0x00007ffe32267000 	C:\Windows\system32\mswsock.dll
0x00007ffe08e20000 - 0x00007ffe08e36000 	C:\Program Files\JetBrains\WebStorm 2023.2.5\jbr\bin\nio.dll
0x00007ffe098e0000 - 0x00007ffe098ee000 	C:\Program Files\JetBrains\WebStorm 2023.2.5\jbr\bin\sunmscapi.dll
0x00007ffe32c20000 - 0x00007ffe32e24000 	C:\Windows\System32\CRYPT32.dll
0x00007ffe32a60000 - 0x00007ffe32a72000 	C:\Windows\System32\MSASN1.dll
0x00007ffe324d0000 - 0x00007ffe324fc000 	C:\Windows\SYSTEM32\ncrypt.dll
0x00007ffe32490000 - 0x00007ffe324cc000 	C:\Windows\SYSTEM32\NTASN1.dll
0x00007ffe31d80000 - 0x00007ffe31db3000 	C:\Windows\system32\rsaenh.dll
0x00007ffe33950000 - 0x00007ffe33976000 	C:\Windows\System32\bcrypt.dll
0x00007ffe328b0000 - 0x00007ffe328d9000 	C:\Windows\SYSTEM32\USERENV.dll
0x00007ffe323d0000 - 0x00007ffe323dc000 	C:\Windows\SYSTEM32\CRYPTBASE.dll
0x00007ffe31f10000 - 0x00007ffe31f4d000 	C:\Windows\SYSTEM32\IPHLPAPI.DLL
0x00007ffe33cd0000 - 0x00007ffe33cd8000 	C:\Windows\System32\NSI.dll
0x00007ffe25c40000 - 0x00007ffe25c56000 	C:\Windows\SYSTEM32\dhcpcsvc6.DLL
0x00007ffe25c20000 - 0x00007ffe25c3c000 	C:\Windows\SYSTEM32\dhcpcsvc.DLL
0x00007ffe31f50000 - 0x00007ffe32016000 	C:\Windows\SYSTEM32\DNSAPI.dll

dbghelp: loaded successfully - version: 4.0.5 - missing functions: none
symbol engine: initialized successfully - sym options: 0x614 - pdb path: .;C:\Program Files\JetBrains\WebStorm 2023.2.5\jbr\bin;C:\Windows\SYSTEM32;C:\Program Files\Avast Software\Avast;C:\Windows\WinSxS\amd64_microsoft.windows.common-controls_6595b64144ccf1df_6.0.17763.5122_none_de6fbcf2534c9850;C:\Program Files\JetBrains\WebStorm 2023.2.5\jbr\bin\server

VM Arguments:
java_command: git4idea.http.GitAskPassApp Username for 'https://github.com': 
java_class_path (initial): C:/Program Files/JetBrains/WebStorm 2023.2.5/plugins/vcs-git/lib/git4idea-rt.jar;C:/Program Files/JetBrains/WebStorm 2023.2.5/lib/externalProcess-rt.jar
Launcher Type: SUN_STANDARD

[Global flags]
     intx CICompilerCount                          = 12                                        {product} {ergonomic}
     uint ConcGCThreads                            = 5                                         {product} {ergonomic}
     uint G1ConcRefinementThreads                  = 18                                        {product} {ergonomic}
   size_t G1HeapRegionSize                         = 4194304                                   {product} {ergonomic}
    uintx GCDrainStackTargetSize                   = 64                                        {product} {ergonomic}
   size_t InitialHeapSize                          = 532676608                                 {product} {ergonomic}
   size_t MarkStackSize                            = 4194304                                   {product} {ergonomic}
   size_t MaxHeapSize                              = 8522825728                                {product} {ergonomic}
   size_t MaxNewSize                               = 5112856576                                {product} {ergonomic}
   size_t MinHeapDeltaBytes                        = 4194304                                   {product} {ergonomic}
   size_t MinHeapSize                              = 8388608                                   {product} {ergonomic}
    uintx NonNMethodCodeHeapSize                   = 7602480                                {pd product} {ergonomic}
    uintx NonProfiledCodeHeapSize                  = 122027880                              {pd product} {ergonomic}
    uintx ProfiledCodeHeapSize                     = 122027880                              {pd product} {ergonomic}
    uintx ReservedCodeCacheSize                    = 251658240                              {pd product} {ergonomic}
     bool SegmentedCodeCache                       = true                                      {product} {ergonomic}
   size_t SoftMaxHeapSize                          = 8522825728                             {manageable} {ergonomic}
     bool UseCompressedClassPointers               = true                           {product lp64_product} {ergonomic}
     bool UseCompressedOops                        = true                           {product lp64_product} {ergonomic}
     bool UseG1GC                                  = true                                      {product} {ergonomic}
     bool UseLargePagesIndividualAllocation        = false                                  {pd product} {ergonomic}

Logging:
Log output configuration:
 #0: stdout all=warning uptime,level,tags
 #1: stderr all=off uptime,level,tags

Environment Variables:
PATH=C:\Program Files\Git\mingw64\libexec\git-core;C:\Program Files\Git\mingw64\libexec\git-core;C:\Program Files\Git\mingw64\bin;C:\Program Files\Git\usr\bin;C:\Users\Song\bin;C:\Program Files (x86)\VMware\VMware Workstation\bin;C:\Program Files (x86)\Common Files\Oracle\Java\javapath;C:\Windows\system32;C:\Windows;C:\Windows\System32\Wbem;C:\Windows\System32\WindowsPowerShell\v1.0;C:\Windows\System32\OpenSSH;C:\Program Files\Git\cmd;C:\Users\Song\AppData\Roaming\nvm;C:\Program Files\nodejs;C:\Users\Song\AppData\Local\Microsoft\WindowsApps;C:\Program Files\JetBrains\WebStorm 2023.2.5\bin;C:\Users\Song\AppData\Local\Programs\Microsoft VS Code\bin;C:\Users\Song\AppData\Roaming\nvm;C:\Program Files\nodejs
USERNAME=Song
DISPLAY=:0.0
LC_ALL=en_US.UTF-8
TERM=xterm-256color
TMPDIR=C:\Users\Song\AppData\Local\Temp
OS=Windows_NT
PROCESSOR_IDENTIFIER=Intel64 Family 6 Model 183 Stepping 1, GenuineIntel
TMP=C:\Users\Song\AppData\Local\Temp
TEMP=C:\Users\Song\AppData\Local\Temp



Periodic native trim disabled

JNI global refs:
JNI global refs: 27, weak refs: 0

JNI global refs memory usage: 843, weak refs: 209

OOME stack traces (most recent first):
Classloader memory used:
Loader bootstrap                                                                       : 1223K
Loader jdk.internal.loader.ClassLoaders$PlatformClassLoader                            : 17946B
Loader jdk.internal.loader.ClassLoaders$AppClassLoader                                 : 1808B


---------------  S Y S T E M  ---------------

OS:
 Windows 10 , 64 bit Build 17763 (10.0.17763.4974)
OS uptime: 0 days 0:13 hours

CPU: total 24 (initial active 24) (24 cores per cpu, 1 threads per core) family 6 model 183 stepping 1 microcode 0x10e, cx8, cmov, fxsr, mmx, 3dnowpref, sse, sse2, sse3, ssse3, sse4.1, sse4.2, popcnt, lzcnt, tsc, tscinvbit, avx, avx2, aes, erms, clmul, bmi1, bmi2, adx, sha, fma, vzeroupper, clflush, clflushopt, clwb
Processor Information for all 24 processors :
  Max Mhz: 3418, Current Mhz: 3418, Mhz Limit: 3418

Memory: 4k page, system-wide physical 32508M (20040M free)
TotalPageFile size 37628M (AvailPageFile size 24489M)
current process WorkingSet (physical memory assigned to process): 48M, peak: 48M
current process commit charge ("private bytes"): 628M, peak: 628M

vm_info: OpenJDK 64-Bit Server VM (17.0.9+7-b1000.46) for windows-amd64 JRE (17.0.9+7-b1000.46), built on 2023-10-27 by "builduser" with MS VC++ 16.10 / 16.11 (VS2019)

END.
